<?xml version="1.0" encoding="UTF-8"?>
<testng-results skipped="0" failed="0" ignored="0" total="2" passed="2">
  <reporter-output>
  </reporter-output>
  <suite name="Default suite" duration-ms="29" started-at="2022-08-05T03:54:20Z" finished-at="2022-08-05T03:54:20Z">
    <groups>
    </groups>
    <test name="Default test" duration-ms="29" started-at="2022-08-05T03:54:20Z" finished-at="2022-08-05T03:54:20Z">
      <class name="test.TestNG.Testing">
        <test-method status="PASS" signature="test()[pri:0, instance:test.TestNG.Testing@396a51ab]" name="test" is-config="true" duration-ms="8" started-at="2022-08-05T03:54:20Z" finished-at="2022-08-05T03:54:20Z">
          <reporter-output>
          </reporter-output>
        </test-method> <!-- test -->
        <test-method status="PASS" signature="test2()[pri:0, instance:test.TestNG.Testing@396a51ab]" name="test2" duration-ms="4" started-at="2022-08-05T03:54:20Z" finished-at="2022-08-05T03:54:20Z">
          <reporter-output>
          </reporter-output>
        </test-method> <!-- test2 -->
        <test-method status="PASS" signature="test22()[pri:0, instance:test.TestNG.Testing@396a51ab]" name="test22" duration-ms="1" started-at="2022-08-05T03:54:20Z" finished-at="2022-08-05T03:54:20Z">
          <reporter-output>
          </reporter-output>
        </test-method> <!-- test22 -->
        <test-method status="PASS" signature="test3()[pri:0, instance:test.TestNG.Testing@396a51ab]" name="test3" is-config="true" duration-ms="0" started-at="2022-08-05T03:54:20Z" finished-at="2022-08-05T03:54:20Z">
          <reporter-output>
          </reporter-output>
        </test-method> <!-- test3 -->
      </class> <!-- test.TestNG.Testing -->
    </test> <!-- Default test -->
  </suite> <!-- Default suite -->
</testng-results>
