<?xml version="1.0" encoding="UTF-8"?>
<!-- Generated by org.testng.reporters.JUnitXMLReporter -->
<testsuite hostname="DESKTOP-K2TST02" ignored="0" name="Test" tests="3" failures="0" timestamp="30 Aug 2022 02:57:15 GMT" time="11.566" errors="0">
  <testcase name="loginPageTitleTest" time="0.039" classname="com.qa.orangehrm.tests.LoginPageTest"/>
  <testcase name="forgotPwdLinkTest" time="0.644" classname="com.qa.orangehrm.tests.LoginPageTest"/>
  <testcase name="loginTest" time="3.128" classname="com.qa.orangehrm.tests.LoginPageTest"/>
</testsuite> <!-- Test -->
