<?xml version="1.0" encoding="UTF-8"?>
<testng-results skipped="0" failed="0" ignored="0" total="3" passed="3">
  <reporter-output>
  </reporter-output>
  <suite name="Regression Test" duration-ms="11607" started-at="2022-08-30T02:57:04Z" finished-at="2022-08-30T02:57:15Z">
    <groups>
    </groups>
    <test name="Orange Hrm Login Page Test" duration-ms="4" started-at="2022-08-30T02:57:04Z" finished-at="2022-08-30T02:57:04Z">
    </test> <!-- Orange Hrm Login Page Test -->
    <test name="Orange Hrm Dashboard Page Test" duration-ms="0" started-at="2022-08-30T02:57:04Z" finished-at="2022-08-30T02:57:04Z">
    </test> <!-- Orange Hrm Dashboard Page Test -->
    <test name="Test" duration-ms="11566" started-at="2022-08-30T02:57:04Z" finished-at="2022-08-30T02:57:15Z">
      <class name="com.qa.orangehrm.tests.LoginPageTest">
        <test-method status="PASS" signature="setUp()[pri:0, instance:com.qa.orangehrm.tests.LoginPageTest@49993335]" name="setUp" is-config="true" duration-ms="7724" started-at="2022-08-30T02:57:04Z" finished-at="2022-08-30T02:57:11Z">
          <reporter-output>
          </reporter-output>
        </test-method> <!-- setUp -->
        <test-method status="PASS" signature="loginPageTitleTest()[pri:1, instance:com.qa.orangehrm.tests.LoginPageTest@49993335]" name="loginPageTitleTest" duration-ms="39" started-at="2022-08-30T02:57:12Z" finished-at="2022-08-30T02:57:12Z">
          <reporter-output>
          </reporter-output>
        </test-method> <!-- loginPageTitleTest -->
        <test-method status="PASS" signature="forgotPwdLinkTest()[pri:2, instance:com.qa.orangehrm.tests.LoginPageTest@49993335]" name="forgotPwdLinkTest" duration-ms="644" started-at="2022-08-30T02:57:12Z" finished-at="2022-08-30T02:57:12Z">
          <reporter-output>
          </reporter-output>
        </test-method> <!-- forgotPwdLinkTest -->
        <test-method status="PASS" signature="loginTest()[pri:3, instance:com.qa.orangehrm.tests.LoginPageTest@49993335]" name="loginTest" duration-ms="3128" started-at="2022-08-30T02:57:12Z" finished-at="2022-08-30T02:57:15Z">
          <reporter-output>
          </reporter-output>
        </test-method> <!-- loginTest -->
        <test-method status="PASS" signature="tearDown()[pri:0, instance:com.qa.orangehrm.tests.LoginPageTest@49993335]" name="tearDown" is-config="true" duration-ms="0" started-at="2022-08-30T02:57:15Z" finished-at="2022-08-30T02:57:15Z">
          <reporter-output>
          </reporter-output>
        </test-method> <!-- tearDown -->
      </class> <!-- com.qa.orangehrm.tests.LoginPageTest -->
    </test> <!-- Test -->
  </suite> <!-- Regression Test -->
</testng-results>
